<?xml version="1.0" encoding="UTF-8"?>
<testsuite xmlns:xsi="http://www.w3.org/2001/XMLSchema-instance" xsi:noNamespaceSchemaLocation="https://maven.apache.org/surefire/maven-surefire-plugin/xsd/surefire-test-report-3.0.xsd" version="3.0" name="GrilleTest" time="0.26" tests="14" errors="0" skipped="0" failures="0">
  <properties>
[...]
</properties>
  <testcase name="testSetvalue" classname="GrilleTest" time="0.071"/>
  <testcase name="testSetvalueX" classname="GrilleTest" time="0.019"/>
  <testcase name="testGetvalueX" classname="GrilleTest" time="0.015"/>
  <testcase name="testsetvalueVal" classname="GrilleTest" time="0.012"/>
  <testcase name="testGetvalue" classname="GrilleTest" time="0.014"/>
  <testcase name="testsolve" classname="GrilleTest" time="0.011"/>
  <testcase name="testcomplet" classname="GrilleTest" time="0.003"/>
  <testcase name="testGetDimension" classname="GrilleTest" time="0.005"/>
  <testcase name="teststevalueY" classname="GrilleTest" time="0.005"/>
  <testcase name="testgetvalueY" classname="GrilleTest" time="0.003"/>
  <testcase name="testpossibleX" classname="GrilleTest" time="0.001"/>
  <testcase name="testpossibleY" classname="GrilleTest" time="0.003"/>
  <testcase name="testpossibleVal" classname="GrilleTest" time="0.001"/>
  <testcase name="testpossible" classname="GrilleTest" time="0.001"/>
</testsuite>