<?xml version="1.0" encoding="UTF-8"?>
<checkstyle version="6.18">
<file name="/home/mateyendou/eclipse-workspace/c306/c306d23/src/main/java/Grille.java">
<error line="8" column="2" severity="error" message="Redundant &apos;static&apos; modifier." source="com.puppycrawl.tools.checkstyle.checks.modifier.RedundantModifierCheck"/>
<error line="16" column="2" severity="error" message="Redundant &apos;static&apos; modifier." source="com.puppycrawl.tools.checkstyle.checks.modifier.RedundantModifierCheck"/>
<error line="16" column="22" severity="error" message="Name &apos;possible&apos; must match pattern &apos;^[A-Z][A-Z0-9]*(_[A-Z0-9]+)*$&apos;." source="com.puppycrawl.tools.checkstyle.checks.naming.ConstantNameCheck"/>
<error line="21" column="2" severity="error" message="Redundant &apos;public&apos; modifier." source="com.puppycrawl.tools.checkstyle.checks.modifier.RedundantModifierCheck"/>
<error line="35" column="2" severity="error" message="Redundant &apos;public&apos; modifier." source="com.puppycrawl.tools.checkstyle.checks.modifier.RedundantModifierCheck"/>
<error line="44" column="2" severity="error" message="Redundant &apos;public&apos; modifier." source="com.puppycrawl.tools.checkstyle.checks.modifier.RedundantModifierCheck"/>
<error line="50" column="2" severity="error" message="Redundant &apos;public&apos; modifier." source="com.puppycrawl.tools.checkstyle.checks.modifier.RedundantModifierCheck"/>
<error line="63" column="1" severity="error" message="Redundant &apos;public&apos; modifier." source="com.puppycrawl.tools.checkstyle.checks.modifier.RedundantModifierCheck"/>
</file>
<file name="/home/mateyendou/eclipse-workspace/c306/c306d23/src/main/java/GrilleImpl.java">
<error line="36" column="19" severity="error" message="Parameter x should be final." source="com.puppycrawl.tools.checkstyle.checks.FinalParametersCheck"/>
<error line="36" column="27" severity="error" message="Parameter y should be final." source="com.puppycrawl.tools.checkstyle.checks.FinalParametersCheck"/>
<error line="36" column="34" severity="error" message="Parameter box should be final." source="com.puppycrawl.tools.checkstyle.checks.FinalParametersCheck"/>
<error line="57" column="25" severity="error" message="Parameter index should be final." source="com.puppycrawl.tools.checkstyle.checks.FinalParametersCheck"/>
<error line="63" column="32" severity="error" message="Parameter valeur should be final." source="com.puppycrawl.tools.checkstyle.checks.FinalParametersCheck"/>
<error line="66" column="33" severity="error" message="Expression can be simplified." source="com.puppycrawl.tools.checkstyle.checks.coding.SimplifyBooleanExpressionCheck"/>
<error line="80" column="31" severity="error" message="Parameter x should be final." source="com.puppycrawl.tools.checkstyle.checks.FinalParametersCheck"/>
<error line="80" column="38" severity="error" message="Parameter v should be final." source="com.puppycrawl.tools.checkstyle.checks.FinalParametersCheck"/>
<error line="94" column="33" severity="error" message="Parameter y should be final." source="com.puppycrawl.tools.checkstyle.checks.FinalParametersCheck"/>
<error line="94" column="41" severity="error" message="Parameter v should be final." source="com.puppycrawl.tools.checkstyle.checks.FinalParametersCheck"/>
<error line="110" column="31" severity="error" message="Parameter x should be final." source="com.puppycrawl.tools.checkstyle.checks.FinalParametersCheck"/>
<error line="110" column="39" severity="error" message="Parameter y should be final." source="com.puppycrawl.tools.checkstyle.checks.FinalParametersCheck"/>
<error line="110" column="47" severity="error" message="Parameter v should be final." source="com.puppycrawl.tools.checkstyle.checks.FinalParametersCheck"/>
<error line="123" column="1" severity="error" message="Method &apos;getDimension&apos; is not designed for extension - needs to be abstract, final or empty." source="com.puppycrawl.tools.checkstyle.checks.design.DesignForExtensionCheck"/>
<error line="137" column="1" severity="error" message="Method &apos;setValue&apos; is not designed for extension - needs to be abstract, final or empty." source="com.puppycrawl.tools.checkstyle.checks.design.DesignForExtensionCheck"/>
<error line="137" column="22" severity="error" message="Parameter x should be final." source="com.puppycrawl.tools.checkstyle.checks.FinalParametersCheck"/>
<error line="137" column="29" severity="error" message="Parameter y should be final." source="com.puppycrawl.tools.checkstyle.checks.FinalParametersCheck"/>
<error line="137" column="36" severity="error" message="Parameter value should be final." source="com.puppycrawl.tools.checkstyle.checks.FinalParametersCheck"/>
<error line="160" column="1" severity="error" message="Method &apos;getValue&apos; is not designed for extension - needs to be abstract, final or empty." source="com.puppycrawl.tools.checkstyle.checks.design.DesignForExtensionCheck"/>
<error line="160" column="22" severity="error" message="Parameter x should be final." source="com.puppycrawl.tools.checkstyle.checks.FinalParametersCheck"/>
<error line="160" column="30" severity="error" message="Parameter y should be final." source="com.puppycrawl.tools.checkstyle.checks.FinalParametersCheck"/>
<error line="173" column="1" severity="error" message="Method &apos;complete&apos; is not designed for extension - needs to be abstract, final or empty." source="com.puppycrawl.tools.checkstyle.checks.design.DesignForExtensionCheck"/>
<error line="195" column="1" severity="error" message="Method &apos;possible&apos; is not designed for extension - needs to be abstract, final or empty." source="com.puppycrawl.tools.checkstyle.checks.design.DesignForExtensionCheck"/>
<error line="195" column="25" severity="error" message="Parameter x should be final." source="com.puppycrawl.tools.checkstyle.checks.FinalParametersCheck"/>
<error line="195" column="33" severity="error" message="Parameter y should be final." source="com.puppycrawl.tools.checkstyle.checks.FinalParametersCheck"/>
<error line="195" column="41" severity="error" message="Parameter value should be final." source="com.puppycrawl.tools.checkstyle.checks.FinalParametersCheck"/>
<error line="219" column="1" severity="error" message="Method &apos;afficherGrille&apos; is not designed for extension - needs to be abstract, final or empty." source="com.puppycrawl.tools.checkstyle.checks.design.DesignForExtensionCheck"/>
</file>
<file name="/home/mateyendou/eclipse-workspace/c306/c306d23/src/main/java/package-info.java">
<error line="0" severity="error" message="File does not end with a newline." source="com.puppycrawl.tools.checkstyle.checks.NewlineAtEndOfFileCheck"/>
<error line="1" severity="error" message="Missing a Javadoc comment." source="com.puppycrawl.tools.checkstyle.checks.javadoc.JavadocStyleCheck"/>
</file>
</checkstyle>
